CRITICAL - 2023-09-16 12:29:38 --> Undefined variable $student
in APPPATH\Views\student.php on line 36.
 1 APPPATH\Views\student.php(36): CodeIgniter\Debug\Exceptions->errorHandler(2, 'Undefined variable $student', 'C:\\laragon\\www\\studentInfo\\app\\Views\\student.php', 36)
 2 SYSTEMPATH\View\View.php(226): include('C:\\laragon\\www\\studentInfo\\app\\Views\\student.php')
 3 SYSTEMPATH\View\View.php(229): CodeIgniter\View\View->CodeIgniter\View\{closure}()
 4 SYSTEMPATH\Common.php(1188): CodeIgniter\View\View->render('student', [], true)
 5 APPPATH\Controllers\StudentController.php(22): view('student', [...])
 6 SYSTEMPATH\CodeIgniter.php(919): App\Controllers\StudentController->sherwinski()
 7 SYSTEMPATH\CodeIgniter.php(494): CodeIgniter\CodeIgniter->runController(Object(App\Controllers\StudentController))
 8 SYSTEMPATH\CodeIgniter.php(353): CodeIgniter\CodeIgniter->handleRequest(null, Object(Config\Cache), false)
 9 FCPATH\index.php(79): CodeIgniter\CodeIgniter->run()
10 SYSTEMPATH\Commands\Server\rewrite.php(47): require_once('C:\\laragon\\www\\studentInfo\\public\\index.php')
CRITICAL - 2023-09-16 12:30:57 --> Undefined variable $student
in APPPATH\Views\student.php on line 36.
 1 APPPATH\Views\student.php(36): CodeIgniter\Debug\Exceptions->errorHandler(2, 'Undefined variable $student', 'C:\\laragon\\www\\studentInfo\\app\\Views\\student.php', 36)
 2 SYSTEMPATH\View\View.php(226): include('C:\\laragon\\www\\studentInfo\\app\\Views\\student.php')
 3 SYSTEMPATH\View\View.php(229): CodeIgniter\View\View->CodeIgniter\View\{closure}()
 4 SYSTEMPATH\Common.php(1188): CodeIgniter\View\View->render('student', [], true)
 5 APPPATH\Controllers\StudentController.php(22): view('student', [...])
 6 SYSTEMPATH\CodeIgniter.php(919): App\Controllers\StudentController->sherwinski()
 7 SYSTEMPATH\CodeIgniter.php(494): CodeIgniter\CodeIgniter->runController(Object(App\Controllers\StudentController))
 8 SYSTEMPATH\CodeIgniter.php(353): CodeIgniter\CodeIgniter->handleRequest(null, Object(Config\Cache), false)
 9 FCPATH\index.php(79): CodeIgniter\CodeIgniter->run()
10 SYSTEMPATH\Commands\Server\rewrite.php(47): require_once('C:\\laragon\\www\\studentInfo\\public\\index.php')
CRITICAL - 2023-09-16 12:31:00 --> Undefined variable $student
in APPPATH\Views\student.php on line 36.
 1 APPPATH\Views\student.php(36): CodeIgniter\Debug\Exceptions->errorHandler(2, 'Undefined variable $student', 'C:\\laragon\\www\\studentInfo\\app\\Views\\student.php', 36)
 2 SYSTEMPATH\View\View.php(226): include('C:\\laragon\\www\\studentInfo\\app\\Views\\student.php')
 3 SYSTEMPATH\View\View.php(229): CodeIgniter\View\View->CodeIgniter\View\{closure}()
 4 SYSTEMPATH\Common.php(1188): CodeIgniter\View\View->render('student', [], true)
 5 APPPATH\Controllers\StudentController.php(22): view('student', [...])
 6 SYSTEMPATH\CodeIgniter.php(919): App\Controllers\StudentController->sherwinski()
 7 SYSTEMPATH\CodeIgniter.php(494): CodeIgniter\CodeIgniter->runController(Object(App\Controllers\StudentController))
 8 SYSTEMPATH\CodeIgniter.php(353): CodeIgniter\CodeIgniter->handleRequest(null, Object(Config\Cache), false)
 9 FCPATH\index.php(79): CodeIgniter\CodeIgniter->run()
10 SYSTEMPATH\Commands\Server\rewrite.php(47): require_once('C:\\laragon\\www\\studentInfo\\public\\index.php')
ERROR - 2023-09-16 13:12:28 --> mysqli_sql_exception: Column 'name' cannot be null in C:\laragon\www\studentInfo\system\Database\MySQLi\Connection.php:306
Stack trace:
#0 C:\laragon\www\studentInfo\system\Database\MySQLi\Connection.php(306): mysqli->query('INSERT INTO `st...', 0)
#1 C:\laragon\www\studentInfo\system\Database\BaseConnection.php(692): CodeIgniter\Database\MySQLi\Connection->execute('INSERT INTO `st...')
#2 C:\laragon\www\studentInfo\system\Database\BaseConnection.php(606): CodeIgniter\Database\BaseConnection->simpleQuery('INSERT INTO `st...')
#3 C:\laragon\www\studentInfo\system\Database\BaseBuilder.php(2308): CodeIgniter\Database\BaseConnection->query('INSERT INTO `st...', Array, false)
#4 C:\laragon\www\studentInfo\system\Model.php(319): CodeIgniter\Database\BaseBuilder->insert()
#5 C:\laragon\www\studentInfo\system\BaseModel.php(788): CodeIgniter\Model->doInsert(Array)
#6 C:\laragon\www\studentInfo\system\Model.php(715): CodeIgniter\BaseModel->insert(Array, false)
#7 C:\laragon\www\studentInfo\system\BaseModel.php(698): CodeIgniter\Model->insert(Array, false)
#8 C:\laragon\www\studentInfo\app\Controllers\StudentController.php(24): CodeIgniter\BaseModel->save(Array)
#9 C:\laragon\www\studentInfo\system\CodeIgniter.php(919): App\Controllers\StudentController->save()
#10 C:\laragon\www\studentInfo\system\CodeIgniter.php(494): CodeIgniter\CodeIgniter->runController(Object(App\Controllers\StudentController))
#11 C:\laragon\www\studentInfo\system\CodeIgniter.php(353): CodeIgniter\CodeIgniter->handleRequest(NULL, Object(Config\Cache), false)
#12 C:\laragon\www\studentInfo\public\index.php(79): CodeIgniter\CodeIgniter->run()
#13 C:\laragon\www\studentInfo\system\Commands\Server\rewrite.php(47): require_once('C:\\laragon\\www\\...')
#14 {main}
CRITICAL - 2023-09-16 13:12:28 --> Column 'name' cannot be null
in SYSTEMPATH\Database\BaseConnection.php on line 646.
 1 SYSTEMPATH\Database\BaseBuilder.php(2308): CodeIgniter\Database\BaseConnection->query('INSERT INTO `studentinfo` (`name`, `address`, `number`, `sex`, `studentId`) VALUES (:name:, :address:, :number:, :sex:, :studentId:)', [...], false)
 2 SYSTEMPATH\Model.php(319): CodeIgniter\Database\BaseBuilder->insert()
 3 SYSTEMPATH\BaseModel.php(788): CodeIgniter\Model->doInsert([...])
 4 SYSTEMPATH\Model.php(715): CodeIgniter\BaseModel->insert([...], false)
 5 SYSTEMPATH\BaseModel.php(698): CodeIgniter\Model->insert([...], false)
 6 APPPATH\Controllers\StudentController.php(24): CodeIgniter\BaseModel->save([...])
 7 SYSTEMPATH\CodeIgniter.php(919): App\Controllers\StudentController->save()
 8 SYSTEMPATH\CodeIgniter.php(494): CodeIgniter\CodeIgniter->runController(Object(App\Controllers\StudentController))
 9 SYSTEMPATH\CodeIgniter.php(353): CodeIgniter\CodeIgniter->handleRequest(null, Object(Config\Cache), false)
10 FCPATH\index.php(79): CodeIgniter\CodeIgniter->run()
11 SYSTEMPATH\Commands\Server\rewrite.php(47): require_once('C:\\laragon\\www\\studentInfo\\public\\index.php')
ERROR - 2023-09-16 13:12:43 --> mysqli_sql_exception: Column 'name' cannot be null in C:\laragon\www\studentInfo\system\Database\MySQLi\Connection.php:306
Stack trace:
#0 C:\laragon\www\studentInfo\system\Database\MySQLi\Connection.php(306): mysqli->query('INSERT INTO `st...', 0)
#1 C:\laragon\www\studentInfo\system\Database\BaseConnection.php(692): CodeIgniter\Database\MySQLi\Connection->execute('INSERT INTO `st...')
#2 C:\laragon\www\studentInfo\system\Database\BaseConnection.php(606): CodeIgniter\Database\BaseConnection->simpleQuery('INSERT INTO `st...')
#3 C:\laragon\www\studentInfo\system\Database\BaseBuilder.php(2308): CodeIgniter\Database\BaseConnection->query('INSERT INTO `st...', Array, false)
#4 C:\laragon\www\studentInfo\system\Model.php(319): CodeIgniter\Database\BaseBuilder->insert()
#5 C:\laragon\www\studentInfo\system\BaseModel.php(788): CodeIgniter\Model->doInsert(Array)
#6 C:\laragon\www\studentInfo\system\Model.php(715): CodeIgniter\BaseModel->insert(Array, false)
#7 C:\laragon\www\studentInfo\system\BaseModel.php(698): CodeIgniter\Model->insert(Array, false)
#8 C:\laragon\www\studentInfo\app\Controllers\StudentController.php(24): CodeIgniter\BaseModel->save(Array)
#9 C:\laragon\www\studentInfo\system\CodeIgniter.php(919): App\Controllers\StudentController->save()
#10 C:\laragon\www\studentInfo\system\CodeIgniter.php(494): CodeIgniter\CodeIgniter->runController(Object(App\Controllers\StudentController))
#11 C:\laragon\www\studentInfo\system\CodeIgniter.php(353): CodeIgniter\CodeIgniter->handleRequest(NULL, Object(Config\Cache), false)
#12 C:\laragon\www\studentInfo\public\index.php(79): CodeIgniter\CodeIgniter->run()
#13 C:\laragon\www\studentInfo\system\Commands\Server\rewrite.php(47): require_once('C:\\laragon\\www\\...')
#14 {main}
CRITICAL - 2023-09-16 13:12:43 --> Column 'name' cannot be null
in SYSTEMPATH\Database\BaseConnection.php on line 646.
 1 SYSTEMPATH\Database\BaseBuilder.php(2308): CodeIgniter\Database\BaseConnection->query('INSERT INTO `studentinfo` (`name`, `address`, `number`, `sex`, `studentId`) VALUES (:name:, :address:, :number:, :sex:, :studentId:)', [...], false)
 2 SYSTEMPATH\Model.php(319): CodeIgniter\Database\BaseBuilder->insert()
 3 SYSTEMPATH\BaseModel.php(788): CodeIgniter\Model->doInsert([...])
 4 SYSTEMPATH\Model.php(715): CodeIgniter\BaseModel->insert([...], false)
 5 SYSTEMPATH\BaseModel.php(698): CodeIgniter\Model->insert([...], false)
 6 APPPATH\Controllers\StudentController.php(24): CodeIgniter\BaseModel->save([...])
 7 SYSTEMPATH\CodeIgniter.php(919): App\Controllers\StudentController->save()
 8 SYSTEMPATH\CodeIgniter.php(494): CodeIgniter\CodeIgniter->runController(Object(App\Controllers\StudentController))
 9 SYSTEMPATH\CodeIgniter.php(353): CodeIgniter\CodeIgniter->handleRequest(null, Object(Config\Cache), false)
10 FCPATH\index.php(79): CodeIgniter\CodeIgniter->run()
11 SYSTEMPATH\Commands\Server\rewrite.php(47): require_once('C:\\laragon\\www\\studentInfo\\public\\index.php')
CRITICAL - 2023-09-16 14:34:09 --> Undefined variable $stu
in APPPATH\Views\student.php on line 29.
 1 APPPATH\Views\student.php(29): CodeIgniter\Debug\Exceptions->errorHandler(2, 'Undefined variable $stu', 'C:\\laragon\\www\\studentInfo\\app\\Views\\student.php', 29)
 2 SYSTEMPATH\View\View.php(226): include('C:\\laragon\\www\\studentInfo\\app\\Views\\student.php')
 3 SYSTEMPATH\View\View.php(229): CodeIgniter\View\View->CodeIgniter\View\{closure}()
 4 SYSTEMPATH\Common.php(1188): CodeIgniter\View\View->render('student', [], true)
 5 APPPATH\Controllers\StudentController.php(56): view('student', [...])
 6 SYSTEMPATH\CodeIgniter.php(919): App\Controllers\StudentController->sherwinski()
 7 SYSTEMPATH\CodeIgniter.php(494): CodeIgniter\CodeIgniter->runController(Object(App\Controllers\StudentController))
 8 SYSTEMPATH\CodeIgniter.php(353): CodeIgniter\CodeIgniter->handleRequest(null, Object(Config\Cache), false)
 9 FCPATH\index.php(79): CodeIgniter\CodeIgniter->run()
10 SYSTEMPATH\Commands\Server\rewrite.php(47): require_once('C:\\laragon\\www\\studentInfo\\public\\index.php')
CRITICAL - 2023-09-16 14:36:40 --> Undefined variable $stu
in APPPATH\Views\student.php on line 29.
 1 APPPATH\Views\student.php(29): CodeIgniter\Debug\Exceptions->errorHandler(2, 'Undefined variable $stu', 'C:\\laragon\\www\\studentInfo\\app\\Views\\student.php', 29)
 2 SYSTEMPATH\View\View.php(226): include('C:\\laragon\\www\\studentInfo\\app\\Views\\student.php')
 3 SYSTEMPATH\View\View.php(229): CodeIgniter\View\View->CodeIgniter\View\{closure}()
 4 SYSTEMPATH\Common.php(1188): CodeIgniter\View\View->render('student', [], true)
 5 APPPATH\Controllers\StudentController.php(56): view('student', [...])
 6 SYSTEMPATH\CodeIgniter.php(919): App\Controllers\StudentController->sherwinski()
 7 SYSTEMPATH\CodeIgniter.php(494): CodeIgniter\CodeIgniter->runController(Object(App\Controllers\StudentController))
 8 SYSTEMPATH\CodeIgniter.php(353): CodeIgniter\CodeIgniter->handleRequest(null, Object(Config\Cache), false)
 9 FCPATH\index.php(79): CodeIgniter\CodeIgniter->run()
10 SYSTEMPATH\Commands\Server\rewrite.php(47): require_once('C:\\laragon\\www\\studentInfo\\public\\index.php')
CRITICAL - 2023-09-16 14:36:49 --> Trying to access array offset on value of type null
in APPPATH\Views\student.php on line 29.
 1 APPPATH\Views\student.php(29): CodeIgniter\Debug\Exceptions->errorHandler(2, 'Trying to access array offset on value of type null', 'C:\\laragon\\www\\studentInfo\\app\\Views\\student.php', 29)
 2 SYSTEMPATH\View\View.php(226): include('C:\\laragon\\www\\studentInfo\\app\\Views\\student.php')
 3 SYSTEMPATH\View\View.php(229): CodeIgniter\View\View->CodeIgniter\View\{closure}()
 4 SYSTEMPATH\Common.php(1188): CodeIgniter\View\View->render('student', [], true)
 5 APPPATH\Controllers\StudentController.php(20): view('student', [...])
 6 SYSTEMPATH\CodeIgniter.php(919): App\Controllers\StudentController->edit('3')
 7 SYSTEMPATH\CodeIgniter.php(494): CodeIgniter\CodeIgniter->runController(Object(App\Controllers\StudentController))
 8 SYSTEMPATH\CodeIgniter.php(353): CodeIgniter\CodeIgniter->handleRequest(null, Object(Config\Cache), false)
 9 FCPATH\index.php(79): CodeIgniter\CodeIgniter->run()
10 SYSTEMPATH\Commands\Server\rewrite.php(47): require_once('C:\\laragon\\www\\studentInfo\\public\\index.php')
CRITICAL - 2023-09-16 14:37:05 --> Undefined variable $stu
in APPPATH\Views\student.php on line 29.
 1 APPPATH\Views\student.php(29): CodeIgniter\Debug\Exceptions->errorHandler(2, 'Undefined variable $stu', 'C:\\laragon\\www\\studentInfo\\app\\Views\\student.php', 29)
 2 SYSTEMPATH\View\View.php(226): include('C:\\laragon\\www\\studentInfo\\app\\Views\\student.php')
 3 SYSTEMPATH\View\View.php(229): CodeIgniter\View\View->CodeIgniter\View\{closure}()
 4 SYSTEMPATH\Common.php(1188): CodeIgniter\View\View->render('student', [], true)
 5 APPPATH\Controllers\StudentController.php(56): view('student', [...])
 6 SYSTEMPATH\CodeIgniter.php(919): App\Controllers\StudentController->sherwinski()
 7 SYSTEMPATH\CodeIgniter.php(494): CodeIgniter\CodeIgniter->runController(Object(App\Controllers\StudentController))
 8 SYSTEMPATH\CodeIgniter.php(353): CodeIgniter\CodeIgniter->handleRequest(null, Object(Config\Cache), false)
 9 FCPATH\index.php(79): CodeIgniter\CodeIgniter->run()
10 SYSTEMPATH\Commands\Server\rewrite.php(47): require_once('C:\\laragon\\www\\studentInfo\\public\\index.php')
CRITICAL - 2023-09-16 14:39:09 --> Undefined variable $stu
in APPPATH\Views\student.php on line 29.
 1 APPPATH\Views\student.php(29): CodeIgniter\Debug\Exceptions->errorHandler(2, 'Undefined variable $stu', 'C:\\laragon\\www\\studentInfo\\app\\Views\\student.php', 29)
 2 SYSTEMPATH\View\View.php(226): include('C:\\laragon\\www\\studentInfo\\app\\Views\\student.php')
 3 SYSTEMPATH\View\View.php(229): CodeIgniter\View\View->CodeIgniter\View\{closure}()
 4 SYSTEMPATH\Common.php(1188): CodeIgniter\View\View->render('student', [], true)
 5 APPPATH\Controllers\StudentController.php(56): view('student', [...])
 6 SYSTEMPATH\CodeIgniter.php(919): App\Controllers\StudentController->sherwinski()
 7 SYSTEMPATH\CodeIgniter.php(494): CodeIgniter\CodeIgniter->runController(Object(App\Controllers\StudentController))
 8 SYSTEMPATH\CodeIgniter.php(353): CodeIgniter\CodeIgniter->handleRequest(null, Object(Config\Cache), false)
 9 FCPATH\index.php(79): CodeIgniter\CodeIgniter->run()
10 SYSTEMPATH\Commands\Server\rewrite.php(47): require_once('C:\\laragon\\www\\studentInfo\\public\\index.php')
CRITICAL - 2023-09-16 14:39:11 --> Undefined variable $stu
in APPPATH\Views\student.php on line 29.
 1 APPPATH\Views\student.php(29): CodeIgniter\Debug\Exceptions->errorHandler(2, 'Undefined variable $stu', 'C:\\laragon\\www\\studentInfo\\app\\Views\\student.php', 29)
 2 SYSTEMPATH\View\View.php(226): include('C:\\laragon\\www\\studentInfo\\app\\Views\\student.php')
 3 SYSTEMPATH\View\View.php(229): CodeIgniter\View\View->CodeIgniter\View\{closure}()
 4 SYSTEMPATH\Common.php(1188): CodeIgniter\View\View->render('student', [], true)
 5 APPPATH\Controllers\StudentController.php(56): view('student', [...])
 6 SYSTEMPATH\CodeIgniter.php(919): App\Controllers\StudentController->sherwinski()
 7 SYSTEMPATH\CodeIgniter.php(494): CodeIgniter\CodeIgniter->runController(Object(App\Controllers\StudentController))
 8 SYSTEMPATH\CodeIgniter.php(353): CodeIgniter\CodeIgniter->handleRequest(null, Object(Config\Cache), false)
 9 FCPATH\index.php(79): CodeIgniter\CodeIgniter->run()
10 SYSTEMPATH\Commands\Server\rewrite.php(47): require_once('C:\\laragon\\www\\studentInfo\\public\\index.php')
CRITICAL - 2023-09-16 14:39:22 --> Undefined variable $stu
in APPPATH\Views\student.php on line 29.
 1 APPPATH\Views\student.php(29): CodeIgniter\Debug\Exceptions->errorHandler(2, 'Undefined variable $stu', 'C:\\laragon\\www\\studentInfo\\app\\Views\\student.php', 29)
 2 SYSTEMPATH\View\View.php(226): include('C:\\laragon\\www\\studentInfo\\app\\Views\\student.php')
 3 SYSTEMPATH\View\View.php(229): CodeIgniter\View\View->CodeIgniter\View\{closure}()
 4 SYSTEMPATH\Common.php(1188): CodeIgniter\View\View->render('student', [], true)
 5 APPPATH\Controllers\StudentController.php(56): view('student', [...])
 6 SYSTEMPATH\CodeIgniter.php(919): App\Controllers\StudentController->sherwinski()
 7 SYSTEMPATH\CodeIgniter.php(494): CodeIgniter\CodeIgniter->runController(Object(App\Controllers\StudentController))
 8 SYSTEMPATH\CodeIgniter.php(353): CodeIgniter\CodeIgniter->handleRequest(null, Object(Config\Cache), false)
 9 FCPATH\index.php(79): CodeIgniter\CodeIgniter->run()
10 SYSTEMPATH\Commands\Server\rewrite.php(47): require_once('C:\\laragon\\www\\studentInfo\\public\\index.php')
CRITICAL - 2023-09-16 14:56:10 --> Undefined variable $stu
in APPPATH\Views\student.php on line 29.
 1 APPPATH\Views\student.php(29): CodeIgniter\Debug\Exceptions->errorHandler(2, 'Undefined variable $stu', 'C:\\laragon\\www\\studentInfo\\app\\Views\\student.php', 29)
 2 SYSTEMPATH\View\View.php(226): include('C:\\laragon\\www\\studentInfo\\app\\Views\\student.php')
 3 SYSTEMPATH\View\View.php(229): CodeIgniter\View\View->CodeIgniter\View\{closure}()
 4 SYSTEMPATH\Common.php(1188): CodeIgniter\View\View->render('student', [], true)
 5 APPPATH\Controllers\StudentController.php(56): view('student', [...])
 6 SYSTEMPATH\CodeIgniter.php(919): App\Controllers\StudentController->sherwinski()
 7 SYSTEMPATH\CodeIgniter.php(494): CodeIgniter\CodeIgniter->runController(Object(App\Controllers\StudentController))
 8 SYSTEMPATH\CodeIgniter.php(353): CodeIgniter\CodeIgniter->handleRequest(null, Object(Config\Cache), false)
 9 FCPATH\index.php(79): CodeIgniter\CodeIgniter->run()
10 SYSTEMPATH\Commands\Server\rewrite.php(47): require_once('C:\\laragon\\www\\studentInfo\\public\\index.php')
CRITICAL - 2023-09-16 14:57:33 --> Undefined variable $stu
in APPPATH\Views\student.php on line 30.
 1 APPPATH\Views\student.php(30): CodeIgniter\Debug\Exceptions->errorHandler(2, 'Undefined variable $stu', 'C:\\laragon\\www\\studentInfo\\app\\Views\\student.php', 30)
 2 SYSTEMPATH\View\View.php(226): include('C:\\laragon\\www\\studentInfo\\app\\Views\\student.php')
 3 SYSTEMPATH\View\View.php(229): CodeIgniter\View\View->CodeIgniter\View\{closure}()
 4 SYSTEMPATH\Common.php(1188): CodeIgniter\View\View->render('student', [], true)
 5 APPPATH\Controllers\StudentController.php(56): view('student', [...])
 6 SYSTEMPATH\CodeIgniter.php(919): App\Controllers\StudentController->sherwinski()
 7 SYSTEMPATH\CodeIgniter.php(494): CodeIgniter\CodeIgniter->runController(Object(App\Controllers\StudentController))
 8 SYSTEMPATH\CodeIgniter.php(353): CodeIgniter\CodeIgniter->handleRequest(null, Object(Config\Cache), false)
 9 FCPATH\index.php(79): CodeIgniter\CodeIgniter->run()
10 SYSTEMPATH\Commands\Server\rewrite.php(47): require_once('C:\\laragon\\www\\studentInfo\\public\\index.php')
CRITICAL - 2023-09-16 14:57:39 --> Undefined array key "id"
in APPPATH\Controllers\StudentController.php on line 32.
 1 APPPATH\Controllers\StudentController.php(32): CodeIgniter\Debug\Exceptions->errorHandler(2, 'Undefined array key "id"', 'C:\\laragon\\www\\studentInfo\\app\\Controllers\\StudentController.php', 32)
 2 SYSTEMPATH\CodeIgniter.php(919): App\Controllers\StudentController->save()
 3 SYSTEMPATH\CodeIgniter.php(494): CodeIgniter\CodeIgniter->runController(Object(App\Controllers\StudentController))
 4 SYSTEMPATH\CodeIgniter.php(353): CodeIgniter\CodeIgniter->handleRequest(null, Object(Config\Cache), false)
 5 FCPATH\index.php(79): CodeIgniter\CodeIgniter->run()
 6 SYSTEMPATH\Commands\Server\rewrite.php(47): require_once('C:\\laragon\\www\\studentInfo\\public\\index.php')
CRITICAL - 2023-09-16 14:58:17 --> Undefined variable $stu
in APPPATH\Views\student.php on line 29.
 1 APPPATH\Views\student.php(29): CodeIgniter\Debug\Exceptions->errorHandler(2, 'Undefined variable $stu', 'C:\\laragon\\www\\studentInfo\\app\\Views\\student.php', 29)
 2 SYSTEMPATH\View\View.php(226): include('C:\\laragon\\www\\studentInfo\\app\\Views\\student.php')
 3 SYSTEMPATH\View\View.php(229): CodeIgniter\View\View->CodeIgniter\View\{closure}()
 4 SYSTEMPATH\Common.php(1188): CodeIgniter\View\View->render('student', [], true)
 5 APPPATH\Controllers\StudentController.php(56): view('student', [...])
 6 SYSTEMPATH\CodeIgniter.php(919): App\Controllers\StudentController->sherwinski()
 7 SYSTEMPATH\CodeIgniter.php(494): CodeIgniter\CodeIgniter->runController(Object(App\Controllers\StudentController))
 8 SYSTEMPATH\CodeIgniter.php(353): CodeIgniter\CodeIgniter->handleRequest(null, Object(Config\Cache), false)
 9 FCPATH\index.php(79): CodeIgniter\CodeIgniter->run()
10 SYSTEMPATH\Commands\Server\rewrite.php(47): require_once('C:\\laragon\\www\\studentInfo\\public\\index.php')
CRITICAL - 2023-09-16 22:30:45 --> Undefined variable $stu
in APPPATH\Views\student.php on line 29.
 1 APPPATH\Views\student.php(29): CodeIgniter\Debug\Exceptions->errorHandler(2, 'Undefined variable $stu', 'C:\\laragon\\www\\studentInfo\\app\\Views\\student.php', 29)
 2 SYSTEMPATH\View\View.php(226): include('C:\\laragon\\www\\studentInfo\\app\\Views\\student.php')
 3 SYSTEMPATH\View\View.php(229): CodeIgniter\View\View->CodeIgniter\View\{closure}()
 4 SYSTEMPATH\Common.php(1188): CodeIgniter\View\View->render('student', [], true)
 5 APPPATH\Controllers\StudentController.php(56): view('student', [...])
 6 SYSTEMPATH\CodeIgniter.php(919): App\Controllers\StudentController->sherwinski()
 7 SYSTEMPATH\CodeIgniter.php(494): CodeIgniter\CodeIgniter->runController(Object(App\Controllers\StudentController))
 8 SYSTEMPATH\CodeIgniter.php(353): CodeIgniter\CodeIgniter->handleRequest(null, Object(Config\Cache), false)
 9 FCPATH\index.php(79): CodeIgniter\CodeIgniter->run()
10 SYSTEMPATH\Commands\Server\rewrite.php(47): require_once('C:\\laragon\\www\\studentInfo\\public\\index.php')
CRITICAL - 2023-09-16 22:30:55 --> Undefined variable $stu
in APPPATH\Views\student.php on line 29.
 1 APPPATH\Views\student.php(29): CodeIgniter\Debug\Exceptions->errorHandler(2, 'Undefined variable $stu', 'C:\\laragon\\www\\studentInfo\\app\\Views\\student.php', 29)
 2 SYSTEMPATH\View\View.php(226): include('C:\\laragon\\www\\studentInfo\\app\\Views\\student.php')
 3 SYSTEMPATH\View\View.php(229): CodeIgniter\View\View->CodeIgniter\View\{closure}()
 4 SYSTEMPATH\Common.php(1188): CodeIgniter\View\View->render('student', [], true)
 5 APPPATH\Controllers\StudentController.php(56): view('student', [...])
 6 SYSTEMPATH\CodeIgniter.php(919): App\Controllers\StudentController->sherwinski()
 7 SYSTEMPATH\CodeIgniter.php(494): CodeIgniter\CodeIgniter->runController(Object(App\Controllers\StudentController))
 8 SYSTEMPATH\CodeIgniter.php(353): CodeIgniter\CodeIgniter->handleRequest(null, Object(Config\Cache), false)
 9 FCPATH\index.php(79): CodeIgniter\CodeIgniter->run()
10 SYSTEMPATH\Commands\Server\rewrite.php(47): require_once('C:\\laragon\\www\\studentInfo\\public\\index.php')
CRITICAL - 2023-09-16 22:34:21 --> Undefined variable $stu
in APPPATH\Views\student.php on line 29.
 1 APPPATH\Views\student.php(29): CodeIgniter\Debug\Exceptions->errorHandler(2, 'Undefined variable $stu', 'C:\\laragon\\www\\studentInfo\\app\\Views\\student.php', 29)
 2 SYSTEMPATH\View\View.php(226): include('C:\\laragon\\www\\studentInfo\\app\\Views\\student.php')
 3 SYSTEMPATH\View\View.php(229): CodeIgniter\View\View->CodeIgniter\View\{closure}()
 4 SYSTEMPATH\Common.php(1188): CodeIgniter\View\View->render('student', [], true)
 5 APPPATH\Controllers\StudentController.php(56): view('student', [...])
 6 SYSTEMPATH\CodeIgniter.php(919): App\Controllers\StudentController->sherwinski()
 7 SYSTEMPATH\CodeIgniter.php(494): CodeIgniter\CodeIgniter->runController(Object(App\Controllers\StudentController))
 8 SYSTEMPATH\CodeIgniter.php(353): CodeIgniter\CodeIgniter->handleRequest(null, Object(Config\Cache), false)
 9 FCPATH\index.php(79): CodeIgniter\CodeIgniter->run()
10 SYSTEMPATH\Commands\Server\rewrite.php(47): require_once('C:\\laragon\\www\\studentInfo\\public\\index.php')
CRITICAL - 2023-09-16 22:34:29 --> Undefined variable $stu
in APPPATH\Views\student.php on line 29.
 1 APPPATH\Views\student.php(29): CodeIgniter\Debug\Exceptions->errorHandler(2, 'Undefined variable $stu', 'C:\\laragon\\www\\studentInfo\\app\\Views\\student.php', 29)
 2 SYSTEMPATH\View\View.php(226): include('C:\\laragon\\www\\studentInfo\\app\\Views\\student.php')
 3 SYSTEMPATH\View\View.php(229): CodeIgniter\View\View->CodeIgniter\View\{closure}()
 4 SYSTEMPATH\Common.php(1188): CodeIgniter\View\View->render('student', [], true)
 5 APPPATH\Controllers\StudentController.php(56): view('student', [...])
 6 SYSTEMPATH\CodeIgniter.php(919): App\Controllers\StudentController->sherwinski()
 7 SYSTEMPATH\CodeIgniter.php(494): CodeIgniter\CodeIgniter->runController(Object(App\Controllers\StudentController))
 8 SYSTEMPATH\CodeIgniter.php(353): CodeIgniter\CodeIgniter->handleRequest(null, Object(Config\Cache), false)
 9 FCPATH\index.php(79): CodeIgniter\CodeIgniter->run()
10 SYSTEMPATH\Commands\Server\rewrite.php(47): require_once('C:\\laragon\\www\\studentInfo\\public\\index.php')
